0 info it worked if it ends with ok
1 verbose cli [ 'node', '/usr/local/bin/npm', 'publish' ]
2 info using npm@2.5.1
3 info using node@v0.12.0
4 verbose publish [ '.' ]
5 silly cache add args [ '.', null ]
6 verbose cache add spec .
7 silly cache add parsed spec { raw: '.',
7 silly cache add   scope: null,
7 silly cache add   name: null,
7 silly cache add   rawSpec: '.',
7 silly cache add   spec: '/Users/canti/Documents/Coding/personal/request-cached',
7 silly cache add   type: 'directory' }
8 verbose addLocalDirectory /Users/canti/.npm/request-again/0.0.1/package.tgz not in flight; packing
9 verbose tar pack [ '/Users/canti/.npm/request-again/0.0.1/package.tgz',
9 verbose tar pack   '/Users/canti/Documents/Coding/personal/request-cached' ]
10 verbose tarball /Users/canti/.npm/request-again/0.0.1/package.tgz
11 verbose folder /Users/canti/Documents/Coding/personal/request-cached
12 info prepublish request-again@0.0.1
13 verbose addLocalTarball adding from inside cache /Users/canti/.npm/request-again/0.0.1/package.tgz
14 silly cache afterAdd request-again@0.0.1
15 verbose afterAdd /Users/canti/.npm/request-again/0.0.1/package/package.json not in flight; writing
16 verbose afterAdd /Users/canti/.npm/request-again/0.0.1/package/package.json written
17 silly publish { name: 'request-again',
17 silly publish   version: '0.0.1',
17 silly publish   description: 'Cached plugin for the request NodeJS module.',
17 silly publish   main: 'request-again.js',
17 silly publish   scripts: { test: 'grunt test' },
17 silly publish   repository:
17 silly publish    { type: 'git',
17 silly publish      url: 'git://github.com/hemphillcc/request-again.git' },
17 silly publish   keywords: [ 'request', 'cache', 'http' ],
17 silly publish   author: { name: 'Bomb Shelter Software' },
17 silly publish   license: 'MIT',
17 silly publish   dependencies: { 'lru-cache': '^2.6.4', request: '^2.55.0' },
17 silly publish   devDependencies: { async: '*', chai: '*', grunt: '*', 'grunt-simple-mocha': '*' },
17 silly publish   readme: '[![NPM version][npm-version-image]][npm-url] [![NPM downloads][npm-downloads-image]][npm-url] [![MIT License][license-image]][license-url] [![Build Status][travis-image]][travis-url]\n\n# request-again\n\nInstall via npm:\n\n    npm install --save request-again\n\n## What Does it Do?\n\nThis module is a plugin for [https://www.npmjs.com/package/request](request), not a direct replacement. For now, it only supports a limited portion of request\'s functionality.\n\nThe request-again module allows you to cache the body of a request http call for a period of time. This is helpful if you regularly call an external API, but the information you are retrieving is updated infrequently.\n\n## How to Use It\n\nAfter installing the module:\n\n    var request = require(\'request-again\');\n\nThen call ``request.cached()`` like you would call request ordinarily. Here\'s an example calling the Pokémon API:\n\n    request.cached(\'http://pokeapi.co/api/v1/pokemon/25\', {}, function(err, res, body) {\n      console.log(body);\n    });\n\nIf you make the same request call within a period of time, you will retrieve the cached object immediately instead of calling the API again.\n\n## Defaults and Settings\n\nA cache will be created automatically when you require the module with the following default settings:\n\n* ``max: 10``. This is the maximum size (number of objects) held by the cache. If the maximum is exceeded, the least-recently-used object will be kicked from the cache.\n* ``maxAge: 60000``. This is the maximum time (in milliseconds) which an object will be stored in the cache before new data is requested from the external API. The default is 1 minute.\n\nYou can override the default settings:\n\n    request.enableCache({\n      max: 50,\n      maxAge: 20000\n    });\n\n## How It Works\n\nThe cache is set based on the ``url`` of the request as well as the ``options`` object. Future request calls must match both of these parameters for the cache to be retrieved, otherwise a new http call will be made and that new response will be stored in the cache.\n\n## Future Development\n\nRight now the module only supports a request structure of:\n\n    request.cached(url, optionsObject, callbackFunction);\n\nSo it is not quite as flexible as a standard request object. Additionally, if you retrieve a cached response, the first two parameters of the callback function (`error`` and ``response``) will be ``null``, so you will only get back the ``body``.\n\nWe plan to make this more flexible and full-featured in the feature.\n\n## Version History\n\n* 0.0.1 Initial release. This will need some serious work before I consider it production ready.\n\n[license-image]: http://img.shields.io/badge/license-MIT-blue.svg?style=flat-square\n[license-url]: https://github.com/hemphillcc/request-again/blob/master/LICENSE\n\n[npm-version-image]: http://img.shields.io/npm/v/request-again.svg?style=flat-square\n[npm-downloads-image]: http://img.shields.io/npm/dm/request-again.svg?style=flat-square\n[npm-url]: https://npmjs.org/package/request-again\n\n[travis-image]: http://img.shields.io/travis/hemphillcc/request-again.svg?style=flat-square\n[travis-url]: http://travis-ci.org/hemphillcc/request-again',
17 silly publish   readmeFilename: 'README.md',
17 silly publish   gitHead: '28374f27e2ef591d714951cbb3245fd685448963',
17 silly publish   bugs: { url: 'https://github.com/hemphillcc/request-again/issues' },
17 silly publish   homepage: 'https://github.com/hemphillcc/request-again',
17 silly publish   _id: 'request-again@0.0.1',
17 silly publish   _shasum: '85bc218868a7c7f781dcc87059f00788f8b53210',
17 silly publish   _from: '.' }
18 silly mapToRegistry name request-again
19 silly mapToRegistry using default registry
20 silly mapToRegistry registry https://registry.npmjs.org/
21 silly mapToRegistry uri https://registry.npmjs.org/request-again
22 verbose publish registryBase https://registry.npmjs.org/
23 silly publish uploading /Users/canti/.npm/request-again/0.0.1/package.tgz
24 verbose request uri https://registry.npmjs.org/request-again
25 verbose request sending authorization for write operation
26 info attempt registry request try #1 at 11:57:49 AM
27 verbose request using bearer token for auth
28 verbose request id 4c5292d5ae5517d9
29 http request PUT https://registry.npmjs.org/request-again
30 http 503 https://registry.npmjs.org/request-again
31 verbose bad json <?xml version="1.0" encoding="utf-8"?>
31 verbose bad json <!DOCTYPE html PUBLIC "-//W3C//DTD XHTML 1.0 Strict//EN"
31 verbose bad json  "http://www.w3.org/TR/xhtml1/DTD/xhtml1-strict.dtd">
31 verbose bad json <html>
31 verbose bad json   <head>
31 verbose bad json     <title>503 backend read error</title>
31 verbose bad json   </head>
31 verbose bad json   <body>
31 verbose bad json     <h1>Error 503 backend read error</h1>
31 verbose bad json     <p>backend read error</p>
31 verbose bad json     <h3>Guru Mediation:</h3>
31 verbose bad json     <p>Details: cache-dfw1830-DFW 1432141109 12120565</p>
31 verbose bad json     <hr>
31 verbose bad json     <p>Varnish cache server</p>
31 verbose bad json   </body>
31 verbose bad json </html>
32 error registry error parsing json
33 info retry will retry, error on last attempt: SyntaxError: Unexpected token <
33 info retry
33 info retry <?xml version="1.0" encoding="utf-8"?>
33 info retry <!DOCTYPE html PUBLIC "-//W3C//DTD XHTML 1.0 Strict//EN"
33 info retry  "http://www.w3.org/TR/xhtml1/DTD/xhtml1-strict.dtd">
33 info retry <html>
33 info retry   <head>
33 info retry     <title>503 backend read error</title>
33 info retry   </head>
33 info retry   <body>
33 info retry     <h1>Error 503 backend read error</h1>
33 info retry     <p>backend read error</p>
33 info retry     <h3>Guru Mediation:</h3>
33 info retry     <p>Details: cache-dfw1830-DFW 1432141109 12120565</p>
33 info retry     <hr>
33 info retry     <p>Varnish cache server</p>
33 info retry   </body>
33 info retry </html>
34 info attempt registry request try #2 at 11:58:39 AM
35 verbose request using bearer token for auth
36 http request PUT https://registry.npmjs.org/request-again
37 http 503 https://registry.npmjs.org/request-again
38 verbose bad json <?xml version="1.0" encoding="utf-8"?>
38 verbose bad json <!DOCTYPE html PUBLIC "-//W3C//DTD XHTML 1.0 Strict//EN"
38 verbose bad json  "http://www.w3.org/TR/xhtml1/DTD/xhtml1-strict.dtd">
38 verbose bad json <html>
38 verbose bad json   <head>
38 verbose bad json     <title>503 backend read error</title>
38 verbose bad json   </head>
38 verbose bad json   <body>
38 verbose bad json     <h1>Error 503 backend read error</h1>
38 verbose bad json     <p>backend read error</p>
38 verbose bad json     <h3>Guru Mediation:</h3>
38 verbose bad json     <p>Details: cache-dfw1828-DFW 1432141160 3623347286</p>
38 verbose bad json     <hr>
38 verbose bad json     <p>Varnish cache server</p>
38 verbose bad json   </body>
38 verbose bad json </html>
39 error registry error parsing json
40 info retry will retry, error on last attempt: SyntaxError: Unexpected token <
40 info retry
40 info retry <?xml version="1.0" encoding="utf-8"?>
40 info retry <!DOCTYPE html PUBLIC "-//W3C//DTD XHTML 1.0 Strict//EN"
40 info retry  "http://www.w3.org/TR/xhtml1/DTD/xhtml1-strict.dtd">
40 info retry <html>
40 info retry   <head>
40 info retry     <title>503 backend read error</title>
40 info retry   </head>
40 info retry   <body>
40 info retry     <h1>Error 503 backend read error</h1>
40 info retry     <p>backend read error</p>
40 info retry     <h3>Guru Mediation:</h3>
40 info retry     <p>Details: cache-dfw1828-DFW 1432141160 3623347286</p>
40 info retry     <hr>
40 info retry     <p>Varnish cache server</p>
40 info retry   </body>
40 info retry </html>
41 info attempt registry request try #3 at 12:00:20 PM
42 verbose request using bearer token for auth
43 http request PUT https://registry.npmjs.org/request-again
44 http 503 https://registry.npmjs.org/request-again
45 verbose bad json <?xml version="1.0" encoding="utf-8"?>
45 verbose bad json <!DOCTYPE html PUBLIC "-//W3C//DTD XHTML 1.0 Strict//EN"
45 verbose bad json  "http://www.w3.org/TR/xhtml1/DTD/xhtml1-strict.dtd">
45 verbose bad json <html>
45 verbose bad json   <head>
45 verbose bad json     <title>503 backend read error</title>
45 verbose bad json   </head>
45 verbose bad json   <body>
45 verbose bad json     <h1>Error 503 backend read error</h1>
45 verbose bad json     <p>backend read error</p>
45 verbose bad json     <h3>Guru Mediation:</h3>
45 verbose bad json     <p>Details: cache-ord1721-ORD 1432141260 1677014568</p>
45 verbose bad json     <hr>
45 verbose bad json     <p>Varnish cache server</p>
45 verbose bad json   </body>
45 verbose bad json </html>
46 error registry error parsing json
47 verbose headers { server: 'Varnish',
47 verbose headers   'retry-after': '0',
47 verbose headers   'content-type': 'text/html; charset=utf-8',
47 verbose headers   'content-length': '448',
47 verbose headers   'accept-ranges': 'bytes',
47 verbose headers   date: 'Wed, 20 May 2015 17:01:00 GMT',
47 verbose headers   via: '1.1 varnish',
47 verbose headers   connection: 'close',
47 verbose headers   'x-served-by': 'cache-ord1721-ORD',
47 verbose headers   'x-cache': 'MISS',
47 verbose headers   'x-cache-hits': '0',
47 verbose headers   'x-timer': 'S1432141220.362611,VS0,VE40111' }
48 verbose request invalidating /Users/canti/.npm/registry.npmjs.org/request-again on PUT
49 error publish Failed PUT 503
50 verbose stack SyntaxError: Unexpected token <
50 verbose stack
50 verbose stack <?xml version="1.0" encoding="utf-8"?>
50 verbose stack <!DOCTYPE html PUBLIC "-//W3C//DTD XHTML 1.0 Strict//EN"
50 verbose stack  "http://www.w3.org/TR/xhtml1/DTD/xhtml1-strict.dtd">
50 verbose stack <html>
50 verbose stack   <head>
50 verbose stack     <title>503 backend read error</title>
50 verbose stack   </head>
50 verbose stack   <body>
50 verbose stack     <h1>Error 503 backend read error</h1>
50 verbose stack     <p>backend read error</p>
50 verbose stack     <h3>Guru Mediation:</h3>
50 verbose stack     <p>Details: cache-ord1721-ORD 1432141260 1677014568</p>
50 verbose stack     <hr>
50 verbose stack     <p>Varnish cache server</p>
50 verbose stack   </body>
50 verbose stack </html>
50 verbose stack
50 verbose stack     at Object.parse (native)
50 verbose stack     at CachingRegistryClient.<anonymous> (/usr/local/lib/node_modules/npm/node_modules/npm-registry-client/lib/request.js:205:23)
50 verbose stack     at Request._callback (/usr/local/lib/node_modules/npm/node_modules/npm-registry-client/lib/request.js:178:14)
50 verbose stack     at Request.self.callback (/usr/local/lib/node_modules/npm/node_modules/request/request.js:344:22)
50 verbose stack     at Request.emit (events.js:110:17)
50 verbose stack     at Request.<anonymous> (/usr/local/lib/node_modules/npm/node_modules/request/request.js:1239:14)
50 verbose stack     at Request.emit (events.js:129:20)
50 verbose stack     at IncomingMessage.<anonymous> (/usr/local/lib/node_modules/npm/node_modules/request/request.js:1187:12)
50 verbose stack     at IncomingMessage.emit (events.js:129:20)
50 verbose stack     at _stream_readable.js:908:16
51 verbose cwd /Users/canti/Documents/Coding/personal/request-cached
52 error Darwin 14.3.0
53 error argv "node" "/usr/local/bin/npm" "publish"
54 error node v0.12.0
55 error npm  v2.5.1
56 error Unexpected token <
56 error
56 error <?xml version="1.0" encoding="utf-8"?>
56 error <!DOCTYPE html PUBLIC "-//W3C//DTD XHTML 1.0 Strict//EN"
56 error  "http://www.w3.org/TR/xhtml1/DTD/xhtml1-strict.dtd">
56 error <html>
56 error   <head>
56 error     <title>503 backend read error</title>
56 error   </head>
56 error   <body>
56 error     <h1>Error 503 backend read error</h1>
56 error     <p>backend read error</p>
56 error     <h3>Guru Mediation:</h3>
56 error     <p>Details: cache-ord1721-ORD 1432141260 1677014568</p>
56 error     <hr>
56 error     <p>Varnish cache server</p>
56 error   </body>
56 error </html>
57 error If you need help, you may report this error at:
57 error     <http://github.com/npm/npm/issues>
58 verbose exit [ 1, true ]
